[05:19:01] [ServerMain/INFO]: [bootstrap] Running Java 21 (OpenJDK 64-Bit Server VM 21.0.7+6-Ubuntu-0ubuntu120.04; Ubuntu null) on Linux 6.8.0-1027-azure (amd64)
[05:19:01] [ServerMain/INFO]: [bootstrap] Loading Paper 1.21-130-master@b1b5d4c (2024-08-10T10:02:42Z) for Minecraft 1.21
[05:19:01] [ServerMain/INFO]: [PluginInitializerManager] Initializing plugins...
[05:19:01] [ServerMain/INFO]: [PluginInitializerManager] Initialized 0 plugins
[05:19:02] [Paper Plugin Remapper Thread - 0/INFO]: [ReobfServer] Remapping server...
[05:19:07] [ServerMain/INFO]: Environment: Environment[sessionHost=https://sessionserver.mojang.com, servicesHost=https://api.minecraftservices.com, name=PROD]
[05:19:08] [ServerMain/INFO]: Found new data pack file/bukkit, loading it automatically
[05:19:08] [ServerMain/INFO]: Found new data pack paper, loading it automatically
[05:19:09] [ServerMain/INFO]: No existing world data, creating new world
[05:19:10] [ServerMain/INFO]: Loaded 1290 recipes
[05:19:10] [ServerMain/INFO]: Loaded 1399 advancements
[05:19:11] [Server thread/INFO]: Starting minecraft server version 1.21
[05:19:11] [Server thread/INFO]: Loading properties
[05:19:11] [Paper Plugin Remapper Thread - 0/INFO]: [ReobfServer] Done remapping server in 8990ms.
[05:19:11] [Server thread/INFO]: This server is running Paper version 1.21-130-master@b1b5d4c (2024-08-10T10:02:42Z) (Implementing API version 1.21-R0.1-SNAPSHOT)
[05:19:12] [Server thread/INFO]: [spark] This server bundles the spark profiler. For more information please visit https://docs.papermc.io/paper/profiling
[05:19:12] [Server thread/INFO]: Server Ping Player Sample Count: 12
[05:19:12] [Server thread/INFO]: Using 4 threads for Netty based IO
[05:19:12] [Server thread/INFO]: [ChunkTaskScheduler] Chunk system is using 1 I/O threads, 1 worker threads, and population gen parallelism of 1 threads
[05:19:13] [Server thread/INFO]: Default game type: SURVIVAL
[05:19:13] [Server thread/INFO]: Generating keypair
[05:19:13] [Server thread/INFO]: Starting Minecraft server on *:25565
[05:19:13] [Server thread/INFO]: Using epoll channel type
[05:19:13] [Server thread/INFO]: Paper: Using libdeflate (Linux x86_64) compression from Velocity.
[05:19:13] [Server thread/INFO]: Paper: Using OpenSSL 1.1.x (Linux x86_64) cipher from Velocity.
[05:19:13] [Server thread/WARN]: **** SERVER IS RUNNING IN OFFLINE/INSECURE MODE!
[05:19:13] [Server thread/WARN]: The server will make no attempt to authenticate usernames. Beware.
[05:19:13] [Server thread/WARN]: While this makes the game possible to play without internet access, it also opens up the ability for hackers to connect with any username they choose.
[05:19:13] [Server thread/WARN]: To change this, set "online-mode" to "true" in the server.properties file.
[05:19:13] [Server thread/INFO]: Preparing level "world"
[05:19:25] [Server thread/INFO]: Preparing start region for dimension minecraft:overworld
[05:19:31] [Server thread/INFO]: Time elapsed: 6084 ms
[05:19:31] [Server thread/INFO]: Preparing start region for dimension minecraft:the_nether
[05:19:33] [Server thread/INFO]: Time elapsed: 2215 ms
[05:19:33] [Server thread/INFO]: Preparing start region for dimension minecraft:the_end
[05:19:34] [Server thread/INFO]: Time elapsed: 533 ms
[05:19:34] [Server thread/INFO]: [spark] Starting background profiler...
[05:19:34] [Server thread/INFO]: Done preparing level "world" (21.529s)
[05:19:34] [Server thread/INFO]: Running delayed init tasks
[05:19:34] [Server thread/INFO]: Done (34.533s)! For help, type "help"
[05:19:34] [Server thread/INFO]: *************************************************************************************
[05:19:34] [Server thread/INFO]: This is the first time you're starting this server.
[05:19:34] [Server thread/INFO]: It's recommended you read our 'Getting Started' documentation for guidance.
[05:19:34] [Server thread/INFO]: View this and more helpful information here: https://docs.papermc.io/paper/next-steps
[05:19:34] [Server thread/INFO]: *************************************************************************************
[05:19:34] [Server thread/INFO]: Timings Reset
[05:19:34] [Server thread/INFO]: Unknown or incomplete command, see below for error
/home/codespace/.python/current/bin/python3 /workspaces/PaperServer/msx.py<--[HERE]
[05:20:55] [Server thread/INFO]: Made expertdead a server operator
[05:24:17] [User Authenticator #0/INFO]: UUID of player ExpertDead is 06d082fc-1f22-3659-9cbd-8715295f2739
[05:24:21] [Server thread/INFO]: ExpertDead joined the game
[05:24:21] [Server thread/INFO]: ExpertDead[/127.53.235.206:42167] logged in with entity id 35 at ([world]-10.5, 66.0, 18.5)
[05:24:46] [Server thread/INFO]: Made ExpertDead a server operator
[05:24:49] [Server thread/INFO]: ExpertDead issued server command: /gamemode creative
[05:24:49] [Server thread/INFO]: [ExpertDead: Set own game mode to Creative Mode]
[05:30:11] [Server thread/INFO]: ExpertDead issued server command: /gamemode survival
[05:30:11] [Server thread/INFO]: [ExpertDead: Set own game mode to Survival Mode]
[05:30:23] [Server thread/INFO]: ExpertDead issued server command: /give ExpertDead minecraft:acacia_planks32
[05:30:24] [Server thread/INFO]: ExpertDead issued server command: /give ExpertDead minecraft:acacia_planks 34
[05:30:24] [Server thread/INFO]: [ExpertDead: Gave 34 [Acacia Planks] to ExpertDead]
[05:30:38] [Server thread/INFO]: ExpertDead lost connection: Disconnected
[05:30:38] [Server thread/INFO]: ExpertDead left the game
[05:32:52] [User Authenticator #1/INFO]: UUID of player ExpertDead is 06d082fc-1f22-3659-9cbd-8715295f2739
[05:32:53] [Server thread/INFO]: ExpertDead joined the game
[05:32:53] [Server thread/INFO]: ExpertDead[/127.53.235.206:55265] logged in with entity id 2788 at ([world]279.23389711715197, 61.41548510113953, -521.8946655692307)
[05:33:09] [Server thread/INFO]: ExpertDead issued server command: /gamemode creative
[05:33:09] [Server thread/INFO]: [ExpertDead: Set own game mode to Creative Mode]
